SonarQube plugins:
  - Python Code Quality and Security 3.12.0.9583 (python)
  - Go Code Quality and Security 1.9.0.3429 (go)
  - JaCoCo 1.1.1.1157 (jacoco)
  - Kotlin Code Quality and Security 2.9.0.1147 (kotlin)
  - IaC Code Quality and Security 1.7.0.2012 (iac)
  - JavaScript/TypeScript/CSS Code Quality and Security 9.1.0.17747 (javascript)
  - Ruby Code Quality and Security 1.9.0.3429 (ruby)
  - Scala Code Quality and Security 1.9.0.3429 (sonarscala)
  - C# Code Quality and Security 8.36.1.44192 (csharp)
  - Java Code Quality and Security 7.11.0.29148 (java)
  - HTML Code Quality and Security 3.6.0.3106 (web)
  - Flex Code Quality and Security 2.7.0.2865 (flex)
  - XML Code Quality and Security 2.5.0.3376 (xml)
  - PHP Code Quality and Security 3.23.1.8766 (php)
  - Text file Code Quality and Security 1.0.0.120 (text)
  - VB.NET Code Quality and Security 8.36.1.44192 (vbnet)
  - Configuration detection fot Code Quality and Security 1.2.0.267 (config)
Global server settings:
  - sonar.core.id=147B411E-AYDYqdWAoh-wqTIj71Tk
  - sonar.core.startTime=2022-05-19T01:04:09+0530
  - sonar.forceAuthentication=true
Project server settings:
Project scanner properties:
  - sonar.host.url=http://localhost:9000
  - sonar.login=******
  - sonar.projectBaseDir=E:\SLIIT\Year 3 Sem 1\ITPM PROJECT\ITPM-Project\FrontEnd
  - sonar.projectKey=ITPM
  - sonar.scanner.app=ScannerCLI
  - sonar.scanner.appVersion=4.7.0.2747
  - sonar.sourceEncoding=windows-1252
  - sonar.sources=.
  - sonar.working.directory=E:\SLIIT\Year 3 Sem 1\ITPM PROJECT\ITPM-Project\FrontEnd\.scannerwork
